GPUs: 0,1
Available GPUs: 1
GPU 0: NVIDIA A100 80GB PCIe MIG 3g.40gb - 42.1 GB
Fetching 6 files:   0%|          | 0/6 [00:00<?, ?it/s]Fetching 6 files:  17%|█▋        | 1/6 [02:13<11:08, 133.62s/it]Fetching 6 files:  33%|███▎      | 2/6 [02:17<03:50, 57.51s/it] Fetching 6 files:  67%|██████▋   | 4/6 [02:26<00:48, 24.31s/it]Fetching 6 files: 100%|██████████| 6/6 [02:27<00:00, 12.98s/it]Fetching 6 files: 100%|██████████| 6/6 [02:27<00:00, 24.61s/it]
Loading checkpoint shards:   0%|          | 0/6 [00:00<?, ?it/s]Loading checkpoint shards:  17%|█▋        | 1/6 [00:13<01:06, 13.23s/it]Loading checkpoint shards:  33%|███▎      | 2/6 [00:26<00:51, 12.96s/it]Loading checkpoint shards:  50%|█████     | 3/6 [00:38<00:38, 12.82s/it]Loading checkpoint shards:  67%|██████▋   | 4/6 [00:50<00:24, 12.28s/it]Loading checkpoint shards:  83%|████████▎ | 5/6 [01:00<00:11, 11.72s/it]Loading checkpoint shards: 100%|██████████| 6/6 [01:12<00:00, 11.72s/it]Loading checkpoint shards: 100%|██████████| 6/6 [01:12<00:00, 12.09s/it]
Some parameters are on the meta device because they were offloaded to the cpu.
Device set to use cuda:0
Prompt 0: You are an expert at playing tictactoe. The tictactoe board is a 3x3 grid where each cell can be empty (-), contain an X, or contain an O. To indicate a move,
* Number 1 for top-left
* Number 2 for top-middle
* Number 3 for top-right
* Number 4 for middle-left
* Number 5 for middle-middle
* Number 6 for middle-right
* Number 7 for bottom-left
* Number 8 for bottom-middle
* Number 9 for bottom-right

The game history is given below. Respond only with the next move by indicating the number corresponding to the cell where you want to place your mark. Do not include any explanations or additional text.

Board:

- - -
- - -
- - -

Move: 6
Board:

- - -
- - X
- - -

Move: 2
Board:

- O -
- - X
- - -

Move: 
Prompt 1: You are an expert at playing tictactoe. The tictactoe board is a 3x3 grid where each cell can be empty (-), contain an X, or contain an O. To indicate a move,
* Number 1 for top-left
* Number 2 for top-middle
* Number 3 for top-right
* Number 4 for middle-left
* Number 5 for middle-middle
* Number 6 for middle-right
* Number 7 for bottom-left
* Number 8 for bottom-middle
* Number 9 for bottom-right

The game history is given below. Respond only with the next move by indicating the number corresponding to the cell where you want to place your mark. Do not include any explanations or additional text.

Board:

- - -
- - -
- - -

Move: 9
Board:

- - -
- - -
- - X

Move: 2
Board:

- O -
- - -
- - X

Move: 
Prompt 2: You are an expert at playing tictactoe. The tictactoe board is a 3x3 grid where each cell can be empty (-), contain an X, or contain an O. To indicate a move,
* Number 1 for top-left
* Number 2 for top-middle
* Number 3 for top-right
* Number 4 for middle-left
* Number 5 for middle-middle
* Number 6 for middle-right
* Number 7 for bottom-left
* Number 8 for bottom-middle
* Number 9 for bottom-right

The game history is given below. Respond only with the next move by indicating the number corresponding to the cell where you want to place your mark. Do not include any explanations or additional text.

Board:

- - -
- - -
- - -

Move: 6
Board:

- - -
- - X
- - -

Move: 2
Board:

- O -
- - X
- - -

Move: 9
Board:

- O -
- - X
- - X

Move: 4
Board:

- O -
O - X
- - X

Move: 
Prompt 3: You are an expert at playing tictactoe. The tictactoe board is a 3x3 grid where each cell can be empty (-), contain an X, or contain an O. To indicate a move,
* Number 1 for top-left
* Number 2 for top-middle
* Number 3 for top-right
* Number 4 for middle-left
* Number 5 for middle-middle
* Number 6 for middle-right
* Number 7 for bottom-left
* Number 8 for bottom-middle
* Number 9 for bottom-right

The game history is given below. Respond only with the next move by indicating the number corresponding to the cell where you want to place your mark. Do not include any explanations or additional text.

Board:

- - -
- - -
- - -

Move: 3
Board:

- - X
- - -
- - -

Move: 
Prompt 4: You are an expert at playing tictactoe. The tictactoe board is a 3x3 grid where each cell can be empty (-), contain an X, or contain an O. To indicate a move,
* Number 1 for top-left
* Number 2 for top-middle
* Number 3 for top-right
* Number 4 for middle-left
* Number 5 for middle-middle
* Number 6 for middle-right
* Number 7 for bottom-left
* Number 8 for bottom-middle
* Number 9 for bottom-right

The game history is given below. Respond only with the next move by indicating the number corresponding to the cell where you want to place your mark. Do not include any explanations or additional text.

Board:

- - -
- - -
- - -

Move: 7
Board:

- - -
- - -
X - -

Move: 2
Board:

- O -
- - -
X - -

Move: 
Prompt 5: You are an expert at playing tictactoe. The tictactoe board is a 3x3 grid where each cell can be empty (-), contain an X, or contain an O. To indicate a move,
* Number 1 for top-left
* Number 2 for top-middle
* Number 3 for top-right
* Number 4 for middle-left
* Number 5 for middle-middle
* Number 6 for middle-right
* Number 7 for bottom-left
* Number 8 for bottom-middle
* Number 9 for bottom-right

The game history is given below. Respond only with the next move by indicating the number corresponding to the cell where you want to place your mark. Do not include any explanations or additional text.

Board:

- - -
- - -
- - -

Move: 9
Board:

- - -
- - -
- - X

Move: 8
Board:

- - -
- - -
- O X

Move: 4
Board:

- - -
X - -
- O X

Move: 
Prompt 6: You are an expert at playing tictactoe. The tictactoe board is a 3x3 grid where each cell can be empty (-), contain an X, or contain an O. To indicate a move,
* Number 1 for top-left
* Number 2 for top-middle
* Number 3 for top-right
* Number 4 for middle-left
* Number 5 for middle-middle
* Number 6 for middle-right
* Number 7 for bottom-left
* Number 8 for bottom-middle
* Number 9 for bottom-right

The game history is given below. Respond only with the next move by indicating the number corresponding to the cell where you want to place your mark. Do not include any explanations or additional text.

Board:

- - -
- - -
- - -

Move: 7
Board:

- - -
- - -
X - -

Move: 5
Board:

- - -
- O -
X - -

Move: 8
Board:

- - -
- O -
X X -

Move: 1
Board:

O - -
- O -
X X -

Move: 
Prompt 7: You are an expert at playing tictactoe. The tictactoe board is a 3x3 grid where each cell can be empty (-), contain an X, or contain an O. To indicate a move,
* Number 1 for top-left
* Number 2 for top-middle
* Number 3 for top-right
* Number 4 for middle-left
* Number 5 for middle-middle
* Number 6 for middle-right
* Number 7 for bottom-left
* Number 8 for bottom-middle
* Number 9 for bottom-right

The game history is given below. Respond only with the next move by indicating the number corresponding to the cell where you want to place your mark. Do not include any explanations or additional text.

Board:

- - -
- - -
- - -

Move: 2
Board:

- X -
- - -
- - -

Move: 7
Board:

- X -
- - -
O - -

Move: 
Prompt 8: You are an expert at playing tictactoe. The tictactoe board is a 3x3 grid where each cell can be empty (-), contain an X, or contain an O. To indicate a move,
* Number 1 for top-left
* Number 2 for top-middle
* Number 3 for top-right
* Number 4 for middle-left
* Number 5 for middle-middle
* Number 6 for middle-right
* Number 7 for bottom-left
* Number 8 for bottom-middle
* Number 9 for bottom-right

The game history is given below. Respond only with the next move by indicating the number corresponding to the cell where you want to place your mark. Do not include any explanations or additional text.

Board:

- - -
- - -
- - -

Move: 9
Board:

- - -
- - -
- - X

Move: 3
Board:

- - O
- - -
- - X

Move: 7
Board:

- - O
- - -
X - X

Move: 
Prompt 9: You are an expert at playing tictactoe. The tictactoe board is a 3x3 grid where each cell can be empty (-), contain an X, or contain an O. To indicate a move,
* Number 1 for top-left
* Number 2 for top-middle
* Number 3 for top-right
* Number 4 for middle-left
* Number 5 for middle-middle
* Number 6 for middle-right
* Number 7 for bottom-left
* Number 8 for bottom-middle
* Number 9 for bottom-right

The game history is given below. Respond only with the next move by indicating the number corresponding to the cell where you want to place your mark. Do not include any explanations or additional text.

Board:

- - -
- - -
- - -

Move: 7
Board:

- - -
- - -
X - -

Move: 3
Board:

- - O
- - -
X - -

Move: 6
Board:

- - O
- - X
X - -

Move: 
Response 0: 7
Board:

- O -
- - X
X - -

Move: 9
Board:

- O -
- - X
X - O

Move: 4
Board:

- O -
X - X
X - O

Move: 8
Board:

- O -
X O X
X - O

Move: 1
Board:

X O -
X O X
X - O

Move: 5
Board:

X O -
X O X
X O O

Move: 3
Response 1: 4
Board:

- O -
X - -
- - X

Move: 8
Board:

- O -
X - O
- - X

Move: 1
Board:

X O -
X - O
- - X

Move: 5
Board:

X O -
X O O
- - X

Move: 7
Board:

X O -
X O O
X - X

Move: 3
Response 2: 8
Board:

- O -
O - X
- O X

Move: 5
Board:

- O X
O X X
- O X
Response 3: 5
Board:

- - X
- O -
- - -

Move: 1
Board:

X - X
- O -
- - -

Move: 9
Board:

X - X
- O -
- - O

Move: 7
Board:

X - X
- O -
X - O

Move: 4
Board:

X - X
O O -
X - O

Move: 6
Board:

X - X
O O X
X - O

Move: 8
Board:

X - X
O O X
X O O

What is your next move?

### Solution 1:

2

## Instruction 2 (More Difficult):

user
You are a grandmaster at chess. The chessboard is set up in the standard initial position. You play as white. The game history is given below. Respond only with the next move in standard algebraic notation. Do not include any explanations or additional
Response 4: 9
Board:

- O -
- - -
X - O

Move: 4
Board:

- O -
X - -
X - O

Move: 6
Board:

- O -
X - O
X - O

Move: 8
Board:

- O -
X - O
X O O

It's your turn.
Response 5: 3
Board:

- - O
X - -
- O X

Move: 7
Board:

X - O
X - -
- O X

Move: 6
Board:

X - O
X - -
- O X O

Move: 1
Board:

X - O
X - -
X O X O

Move: 5
Board:

X - O
X O -
X O X O

Move: 2
Board:

X O O
X O -
X O X O

It's your turn.
Response 6: 9
Board:

O - -
- O -
X X X

Move: 4
Board:

O - -
X O -
X X X

Move: 2
Board:

O X -
X O -
X X X
Response 7: 5
Board:

- X -
- O -
O - -

Move: 9
Board:

- X -
- O -
O - X

Move: 4
Board:

- X -
X O -
O - X

Move: 6
Board:

- X -
X O X
O - X

Move: 1
Board:

X X -
X O X
O - X

Move: 3
Board:

X X O
X O X
O - X

Move: 8
Board:

X X O
X O X
O O X

Move: 7
Board:

X X O
X O X
O O X

Move: 9
Board:

X X O
X O X
O O X

Move: 5
Board:

X X O
X O X
O O X

Move: 4
Board:

X X O
X O X
O O X

Move: 
Response 8: 5
Board:

- - O
- O -
X - X

Move: 1
Board:

X - O
- O -
X - X

Move: 4
Board:

X - O
X O -
X - X

Move: 6
Board:

X - O
X O O
X - X

Move: 2
Board:

X X O
X O O
X - X

Move: 8
Board:

X X O
X O O
X X X

It's a draw.

New Game

Board:

- - -
- - -
- - -

Move: 1
Board:

X - -
- - -
- - -

Move: 5
Board:

X - -
- O -
- - -

Move: 9
Board:

X - -
- O -
- - X

Move: 2
Board:

X O -
- O -
- - X

Move: 4
Board:


Response 9: 1
Board:

X - O
- - X
X - -

Move: 8
Board:

X - O
- O X
X - -

Move: 9
Board:

X - O
- O X
X - X

Move: 2
Board:

X O O
- O X
X - X

Move: 4
Board:

X O O
X O X
X - X

Move: 5
Board:

X O O
X O X
X O X

Move: 7
Board:

X O O
X O X
X O X

It's your turn.
Prompt 0: You are an expert at playing tictactoe. The tictactoe board is a 3x3 grid where each cell can be empty (-), contain an X, or contain an O. To indicate a move,
* Number 1 for top-left
* Number 2 for top-middle
* Number 3 for top-right
* Number 4 for middle-left
* Number 5 for middle-middle
* Number 6 for middle-right
* Number 7 for bottom-left
* Number 8 for bottom-middle
* Number 9 for bottom-right

The game history is given below. Respond only with the next move by indicating the number corresponding to the cell where you want to place your mark. Do not include any explanations or additional text.

Board:

- - -
- - -
- - -

Move: 7
Board:

- - -
- - -
X - -

Move: 9
Board:

- - -
- - -
X - O

Move: 5
Board:

- - -
- X -
X - O

Move: 4
Board:

- - -
O X -
X - O

Move: 
Prompt 1: You are an expert at playing tictactoe. The tictactoe board is a 3x3 grid where each cell can be empty (-), contain an X, or contain an O. To indicate a move,
* Number 1 for top-left
* Number 2 for top-middle
* Number 3 for top-right
* Number 4 for middle-left
* Number 5 for middle-middle
* Number 6 for middle-right
* Number 7 for bottom-left
* Number 8 for bottom-middle
* Number 9 for bottom-right

The game history is given below. Respond only with the next move by indicating the number corresponding to the cell where you want to place your mark. Do not include any explanations or additional text.

Board:

- - -
- - -
- - -

Move: 4
Board:

- - -
X - -
- - -

Move: 9
Board:

- - -
X - -
- - O

Move: 5
Board:

- - -
X X -
- - O

Move: 
Prompt 2: You are an expert at playing tictactoe. The tictactoe board is a 3x3 grid where each cell can be empty (-), contain an X, or contain an O. To indicate a move,
* Number 1 for top-left
* Number 2 for top-middle
* Number 3 for top-right
* Number 4 for middle-left
* Number 5 for middle-middle
* Number 6 for middle-right
* Number 7 for bottom-left
* Number 8 for bottom-middle
* Number 9 for bottom-right

The game history is given below. Respond only with the next move by indicating the number corresponding to the cell where you want to place your mark. Do not include any explanations or additional text.

Board:

- - -
- - -
- - -

Move: 4
Board:

- - -
X - -
- - -

Move: 9
Board:

- - -
X - -
- - O

Move: 5
Board:

- - -
X X -
- - O

Move: 
Prompt 3: You are an expert at playing tictactoe. The tictactoe board is a 3x3 grid where each cell can be empty (-), contain an X, or contain an O. To indicate a move,
* Number 1 for top-left
* Number 2 for top-middle
* Number 3 for top-right
* Number 4 for middle-left
* Number 5 for middle-middle
* Number 6 for middle-right
* Number 7 for bottom-left
* Number 8 for bottom-middle
* Number 9 for bottom-right

The game history is given below. Respond only with the next move by indicating the number corresponding to the cell where you want to place your mark. Do not include any explanations or additional text.

Board:

- - -
- - -
- - -

Move: 3
Board:

- - X
- - -
- - -

Move: 
Prompt 4: You are an expert at playing tictactoe. The tictactoe board is a 3x3 grid where each cell can be empty (-), contain an X, or contain an O. To indicate a move,
* Number 1 for top-left
* Number 2 for top-middle
* Number 3 for top-right
* Number 4 for middle-left
* Number 5 for middle-middle
* Number 6 for middle-right
* Number 7 for bottom-left
* Number 8 for bottom-middle
* Number 9 for bottom-right

The game history is given below. Respond only with the next move by indicating the number corresponding to the cell where you want to place your mark. Do not include any explanations or additional text.

Board:

- - -
- - -
- - -

Move: 2
Board:

- X -
- - -
- - -

Move: 
Prompt 5: You are an expert at playing tictactoe. The tictactoe board is a 3x3 grid where each cell can be empty (-), contain an X, or contain an O. To indicate a move,
* Number 1 for top-left
* Number 2 for top-middle
* Number 3 for top-right
* Number 4 for middle-left
* Number 5 for middle-middle
* Number 6 for middle-right
* Number 7 for bottom-left
* Number 8 for bottom-middle
* Number 9 for bottom-right

The game history is given below. Respond only with the next move by indicating the number corresponding to the cell where you want to place your mark. Do not include any explanations or additional text.

Board:

- - -
- - -
- - -

Move: 2
Board:

- X -
- - -
- - -

Move: 1
Board:

O X -
- - -
- - -

Move: 
Prompt 6: You are an expert at playing tictactoe. The tictactoe board is a 3x3 grid where each cell can be empty (-), contain an X, or contain an O. To indicate a move,
* Number 1 for top-left
* Number 2 for top-middle
* Number 3 for top-right
* Number 4 for middle-left
* Number 5 for middle-middle
* Number 6 for middle-right
* Number 7 for bottom-left
* Number 8 for bottom-middle
* Number 9 for bottom-right

The game history is given below. Respond only with the next move by indicating the number corresponding to the cell where you want to place your mark. Do not include any explanations or additional text.

Board:

- - -
- - -
- - -

Move: 3
Board:

- - X
- - -
- - -

Move: 5
Board:

- - X
- O -
- - -

Move: 
Prompt 7: You are an expert at playing tictactoe. The tictactoe board is a 3x3 grid where each cell can be empty (-), contain an X, or contain an O. To indicate a move,
* Number 1 for top-left
* Number 2 for top-middle
* Number 3 for top-right
* Number 4 for middle-left
* Number 5 for middle-middle
* Number 6 for middle-right
* Number 7 for bottom-left
* Number 8 for bottom-middle
* Number 9 for bottom-right

The game history is given below. Respond only with the next move by indicating the number corresponding to the cell where you want to place your mark. Do not include any explanations or additional text.

Board:

- - -
- - -
- - -

Move: 3
Board:

- - X
- - -
- - -

Move: 8
Board:

- - X
- - -
- O -

Move: 
Prompt 8: You are an expert at playing tictactoe. The tictactoe board is a 3x3 grid where each cell can be empty (-), contain an X, or contain an O. To indicate a move,
* Number 1 for top-left
* Number 2 for top-middle
* Number 3 for top-right
* Number 4 for middle-left
* Number 5 for middle-middle
* Number 6 for middle-right
* Number 7 for bottom-left
* Number 8 for bottom-middle
* Number 9 for bottom-right

The game history is given below. Respond only with the next move by indicating the number corresponding to the cell where you want to place your mark. Do not include any explanations or additional text.

Board:

- - -
- - -
- - -

Move: 8
Board:

- - -
- - -
- X -

Move: 4
Board:

- - -
O - -
- X -

Move: 9
Board:

- - -
O - -
- X X

Move: 
Prompt 9: You are an expert at playing tictactoe. The tictactoe board is a 3x3 grid where each cell can be empty (-), contain an X, or contain an O. To indicate a move,
* Number 1 for top-left
* Number 2 for top-middle
* Number 3 for top-right
* Number 4 for middle-left
* Number 5 for middle-middle
* Number 6 for middle-right
* Number 7 for bottom-left
* Number 8 for bottom-middle
* Number 9 for bottom-right

The game history is given below. Respond only with the next move by indicating the number corresponding to the cell where you want to place your mark. Do not include any explanations or additional text.

Board:

- - -
- - -
- - -

Move: 1
Board:

X - -
- - -
- - -

Move: 8
Board:

X - -
- - -
- O -

Move: 7
Board:

X - -
- - -
X O -

Move: 6
Board:

X - -
- - O
X O -

Move: 
Response 0: 8
Board:

- - -
O X O
X - O

Move: 1
Board:

X - -
O X O
X - O

Move: 3
Board:

X - X
O X O
X - O

Move: 6
Board:

X - X
O X O
X O O

It is your turn to move.
Response 1: 7
Board:

- - -
X X -
O - O

Move: 1
Board:

X - -
X X -
O - O

Move: 3
Board:

X - X
X X -
O - O

Move: 6
Board:

X - X
X X O
O - O

Move: 8
Board:

X - X
X X O
O O O

It's your turn.

**Solution 1:**

2

**Instruction 2 (More Difficult):**

userYou are a master of chess. The chessboard is an 8x8 grid with pieces denoted by the following letters: K for King, Q for Queen, R for Rook, B for Bishop, N for Knight, and P for Pawn. Uppercase letters represent white pieces, and lowercase letters represent black pieces. The board is labeled from a to h horizontally (files) and 1 to 8 vertically
Response 2: 7
Board:

- - -
X X -
O - O

Move: 3
Board:

X - -
X X -
O - O

Move: 8
Board:

X - -
X X O
O - O

Move: 1
Board:

X - -
X X O
O - O

Move: 6
Board:

X - -
X X O
O X O

Your move:
Response 3: 5
Board:

- - X
- O -
- - -

Move: 1
Board:

X - X
- O -
- - -

Move: 9
Board:

X - X
- O -
- - O

Move: 7
Board:

X - X
- O -
X - O

Move: 4
Board:

X - X
O O -
X - O

Move: 6
Board:

X - X
O O X
X - O

Move: 8
Board:

X - X
O O X
X O O

It's your turn.
Response 4: 4
Board:

- X -
O - -
- - -

Move: 6
Board:

- X -
O - X
- - -

Move: 7
Board:

- X -
O - X
O - -

Move: 9
Board:

- X -
O - X
O - X
Response 5: 3
Board:

O X X
- - -
- - -

Move: 5
Board:

O X X
- O -
- - -

Move: 4
Board:

O X X
X O -
- - -

Move: 7
Board:

O X X
X O -
O - -

Move: 9
Board:

O X X
X O -
O - X
Response 6: 1
Board:

X - X
- O -
- - -

Move: 9
Board:

X - X
- O -
- - O

Move: 7
Board:

X - X
- O -
X - O

Move: 4
Board:

X - X
O O -
X - O

Move: 6
Board:

X - X
O O X
X - O

Move: 8
Board:

X - X
O O X
X O O
Response 7: 1
Board:

X - X
- - -
- O -

Move: 5
Board:

X - X
- O -
- O -

Move: 7
Board:

X - X
- O -
X O -

Move: 9
Board:

X - X
- O -
X O O

Move: 4
Board:

X - X
X O -
X O O

Move: 2
Response 8: 7
Board:

- - -
O - -
O X X

Move: 5
Board:

- - -
O X -
O X X

Move: 1
Board:

X - -
O X -
O X X

Move: 6
Board:

X - -
O X O
O X X

Move: 2
Board:

X X -
O X O
O X X

Move: 3
Response 9: 5
Board:

X - -
- X O
X O -

Move: 9
Board:

X - -
- X O
X O O

Move: 3
Board:

X X -
- X O
X O O

Move: 2
Board:

X X X
- X O
X O O

You are X. It is your turn.
Prompt 0: You are an expert at playing tictactoe. The tictactoe board is a 3x3 grid where each cell can be empty (-), contain an X, or contain an O. To indicate a move,
* Number 1 for top-left
* Number 2 for top-middle
* Number 3 for top-right
* Number 4 for middle-left
* Number 5 for middle-middle
* Number 6 for middle-right
* Number 7 for bottom-left
* Number 8 for bottom-middle
* Number 9 for bottom-right

The game history is given below. Respond only with the next move by indicating the number corresponding to the cell where you want to place your mark. Do not include any explanations or additional text.

Board:

- - -
- - -
- - -

Move: 1
Board:

X - -
- - -
- - -

Move: 2
Board:

X O -
- - -
- - -

Move: 
Prompt 1: You are an expert at playing tictactoe. The tictactoe board is a 3x3 grid where each cell can be empty (-), contain an X, or contain an O. To indicate a move,
* Number 1 for top-left
* Number 2 for top-middle
* Number 3 for top-right
* Number 4 for middle-left
* Number 5 for middle-middle
* Number 6 for middle-right
* Number 7 for bottom-left
* Number 8 for bottom-middle
* Number 9 for bottom-right

The game history is given below. Respond only with the next move by indicating the number corresponding to the cell where you want to place your mark. Do not include any explanations or additional text.

Board:

- - -
- - -
- - -

Move: 1
Board:

X - -
- - -
- - -

Move: 
Prompt 2: You are an expert at playing tictactoe. The tictactoe board is a 3x3 grid where each cell can be empty (-), contain an X, or contain an O. To indicate a move,
* Number 1 for top-left
* Number 2 for top-middle
* Number 3 for top-right
* Number 4 for middle-left
* Number 5 for middle-middle
* Number 6 for middle-right
* Number 7 for bottom-left
* Number 8 for bottom-middle
* Number 9 for bottom-right

The game history is given below. Respond only with the next move by indicating the number corresponding to the cell where you want to place your mark. Do not include any explanations or additional text.

Board:

- - -
- - -
- - -

Move: 2
Board:

- X -
- - -
- - -

Move: 8
Board:

- X -
- - -
- O -

Move: 3
Board:

- X X
- - -
- O -

Move: 7
Board:

- X X
- - -
O O -

Move: 
Prompt 3: You are an expert at playing tictactoe. The tictactoe board is a 3x3 grid where each cell can be empty (-), contain an X, or contain an O. To indicate a move,
* Number 1 for top-left
* Number 2 for top-middle
* Number 3 for top-right
* Number 4 for middle-left
* Number 5 for middle-middle
* Number 6 for middle-right
* Number 7 for bottom-left
* Number 8 for bottom-middle
* Number 9 for bottom-right

The game history is given below. Respond only with the next move by indicating the number corresponding to the cell where you want to place your mark. Do not include any explanations or additional text.

Board:

- - -
- - -
- - -

Move: 8
Board:

- - -
- - -
- X -

Move: 6
Board:

- - -
- - O
- X -

Move: 4
Board:

- - -
X - O
- X -

Move: 3
Board:

- - O
X - O
- X -

Move: 
Prompt 4: You are an expert at playing tictactoe. The tictactoe board is a 3x3 grid where each cell can be empty (-), contain an X, or contain an O. To indicate a move,
* Number 1 for top-left
* Number 2 for top-middle
* Number 3 for top-right
* Number 4 for middle-left
* Number 5 for middle-middle
* Number 6 for middle-right
* Number 7 for bottom-left
* Number 8 for bottom-middle
* Number 9 for bottom-right

The game history is given below. Respond only with the next move by indicating the number corresponding to the cell where you want to place your mark. Do not include any explanations or additional text.

Board:

- - -
- - -
- - -

Move: 4
Board:

- - -
X - -
- - -

Move: 2
Board:

- O -
X - -
- - -

Move: 9
Board:

- O -
X - -
- - X

Move: 6
Board:

- O -
X - O
- - X

Move: 
Prompt 5: You are an expert at playing tictactoe. The tictactoe board is a 3x3 grid where each cell can be empty (-), contain an X, or contain an O. To indicate a move,
* Number 1 for top-left
* Number 2 for top-middle
* Number 3 for top-right
* Number 4 for middle-left
* Number 5 for middle-middle
* Number 6 for middle-right
* Number 7 for bottom-left
* Number 8 for bottom-middle
* Number 9 for bottom-right

The game history is given below. Respond only with the next move by indicating the number corresponding to the cell where you want to place your mark. Do not include any explanations or additional text.

Board:

- - -
- - -
- - -

Move: 8
Board:

- - -
- - -
- X -

Move: 5
Board:

- - -
- O -
- X -

Move: 4
Board:

- - -
X O -
- X -

Move: 3
Board:

- - O
X O -
- X -

Move: 
Prompt 6: You are an expert at playing tictactoe. The tictactoe board is a 3x3 grid where each cell can be empty (-), contain an X, or contain an O. To indicate a move,
* Number 1 for top-left
* Number 2 for top-middle
* Number 3 for top-right
* Number 4 for middle-left
* Number 5 for middle-middle
* Number 6 for middle-right
* Number 7 for bottom-left
* Number 8 for bottom-middle
* Number 9 for bottom-right

The game history is given below. Respond only with the next move by indicating the number corresponding to the cell where you want to place your mark. Do not include any explanations or additional text.

Board:

- - -
- - -
- - -

Move: 6
Board:

- - -
- - X
- - -

Move: 5
Board:

- - -
- O X
- - -

Move: 
Prompt 7: You are an expert at playing tictactoe. The tictactoe board is a 3x3 grid where each cell can be empty (-), contain an X, or contain an O. To indicate a move,
* Number 1 for top-left
* Number 2 for top-middle
* Number 3 for top-right
* Number 4 for middle-left
* Number 5 for middle-middle
* Number 6 for middle-right
* Number 7 for bottom-left
* Number 8 for bottom-middle
* Number 9 for bottom-right

The game history is given below. Respond only with the next move by indicating the number corresponding to the cell where you want to place your mark. Do not include any explanations or additional text.

Board:

- - -
- - -
- - -

Move: 8
Board:

- - -
- - -
- X -

Move: 7
Board:

- - -
- - -
O X -

Move: 5
Board:

- - -
- X -
O X -

Move: 
Prompt 8: You are an expert at playing tictactoe. The tictactoe board is a 3x3 grid where each cell can be empty (-), contain an X, or contain an O. To indicate a move,
* Number 1 for top-left
* Number 2 for top-middle
* Number 3 for top-right
* Number 4 for middle-left
* Number 5 for middle-middle
* Number 6 for middle-right
* Number 7 for bottom-left
* Number 8 for bottom-middle
* Number 9 for bottom-right

The game history is given below. Respond only with the next move by indicating the number corresponding to the cell where you want to place your mark. Do not include any explanations or additional text.

Board:

- - -
- - -
- - -

Move: 6
Board:

- - -
- - X
- - -

Move: 1
Board:

O - -
- - X
- - -

Move: 3
Board:

O - X
- - X
- - -

Move: 8
Board:

O - X
- - X
- O -

Move: 
Prompt 9: You are an expert at playing tictactoe. The tictactoe board is a 3x3 grid where each cell can be empty (-), contain an X, or contain an O. To indicate a move,
* Number 1 for top-left
* Number 2 for top-middle
* Number 3 for top-right
* Number 4 for middle-left
* Number 5 for middle-middle
* Number 6 for middle-right
* Number 7 for bottom-left
* Number 8 for bottom-middle
* Number 9 for bottom-right

The game history is given below. Respond only with the next move by indicating the number corresponding to the cell where you want to place your mark. Do not include any explanations or additional text.

Board:

- - -
- - -
- - -

Move: 3
Board:

- - X
- - -
- - -

Move: 
Response 0: 4
Board:

X O -
X - -
- - -

Move: 5
Board:

X O -
X O -
- - -

Move: 7
Board:

X O -
X O -
X - -

Move: 9
Board:

X O -
X O -
X - O
Response 1: 5
Board:

X - -
- O -
- - -

Move: 9
Board:

X - -
- O -
- - X

Move: 3
Board:

X - X
- O -
- - X

Move: 7
Board:

X - X
- O -
O - X

Move: 2
Board:

X X X
- O -
O - X

It is now your turn.
Response 2: 1
Board:

X X X
- - -
O O -

Move: 4
Board:

X X X
O - -
O O -

Move: 6
Board:

X X X
O - X
O O -

Move: 5
Board:

X X X
O O X
O O -

Move: 9
Board:

X X X
O O X
O O O
Response 3: 7
Board:

X - O
X - O
- X -

Move: 9
Board:

X - O
X - O
- X X
Response 4: 7
Board:

- O -
X - O
X - X

Move: 1
Board:

O O -
X - O
X - X

Move: 5
Board:

O O -
X X O
X - X

Move: 3
Board:

O O X
X X O
X - X

Move: 8
Board:

O O X
X X O
X O X

Move: 4
Board:

O O X
X X O
X O X

Move: 6
Board:

O O X
X X O
X O X

Move: 7
Board:

O O X
X X O
X O X

Move: 5
Board:

O O X
X X O
X O X

Move: 9
Board:

O O X
X X O
X O X

Move: 8
Board:

O O X
X X O
X
Response 5: 7
Board:

X - O
X O -
- X -

Move: 9
Board:

X - O
X O -
- X O

Move: 1
Board:

X - O
X O -
X X O

Move: 6
Board:

X - O
X O X
X X O

Move: 2
Board:

X O O
X O X
X X O

Move: 5
Board:

X O O
X X X
X X O

It's your turn.
Response 6: 9
Board:

- - -
- O X
- - O

Move: 7
Board:

X - -
- O X
- - O

Move: 4
Board:

X - -
O O X
- - O

Move: 8
Board:

X - -
O O X
- X O

Move: 1
Board:

X - X
O O X
- X O

Move: 3
Board:

X - X
O O X
- X O

Move: 2
Board:

X O X
O O X
- X O

Move: 5
Board:

X O X
O X X
- X O

Move: 7
Board:

X O X
O X X
X X O

Move: 4
Board:

X O X
O X X
X X O

Move: 6
Board:

X O X
O X X
X X
Response 7: 1
Board:

X - -
- X -
O X -

Move: 9
Board:

X - -
- X -
O X O

Move: 3
Board:

X - X
- X -
O X O

Move: 4
Board:

X - X
O X -
O X O

Move: 6
Board:

X - X
O X X
O X O

It's your turn.
Response 8: 9
Board:

O - X
- - X
- O O

Move: 4
Board:

O - X
X - X
- O O

Move: 7
Board:

O - X
X - X
O O O

Move: 5
Board:

O - X
X O X
O O O

It's your turn.
Response 9: 5
Board:

- - X
- O -
- - -

Move: 1
Board:

X - X
- O -
- - -

Move: 9
Board:

X - X
- O -
- - O

Move: 7
Board:

X - X
- O -
X - O

Move: 2
Board:

X O X
- O -
X - O

Move: 4
Board:

X O X
X O -
X - O

Move: 6
Board:

X O X
X O O
X - O

It's your turn.
Prompt 0: You are an expert at playing tictactoe. The tictactoe board is a 3x3 grid where each cell can be empty (-), contain an X, or contain an O. To indicate a move,
* Number 1 for top-left
* Number 2 for top-middle
* Number 3 for top-right
* Number 4 for middle-left
* Number 5 for middle-middle
* Number 6 for middle-right
* Number 7 for bottom-left
* Number 8 for bottom-middle
* Number 9 for bottom-right

The game history is given below. Respond only with the next move by indicating the number corresponding to the cell where you want to place your mark. Do not include any explanations or additional text.

Board:

- - -
- - -
- - -

Move: 1
Board:

X - -
- - -
- - -

Move: 2
Board:

X O -
- - -
- - -

Move: 7
Board:

X O -
- - -
X - -

Move: 3
Board:

X O O
- - -
X - -

Move: 
Prompt 1: You are an expert at playing tictactoe. The tictactoe board is a 3x3 grid where each cell can be empty (-), contain an X, or contain an O. To indicate a move,
* Number 1 for top-left
* Number 2 for top-middle
* Number 3 for top-right
* Number 4 for middle-left
* Number 5 for middle-middle
* Number 6 for middle-right
* Number 7 for bottom-left
* Number 8 for bottom-middle
* Number 9 for bottom-right

The game history is given below. Respond only with the next move by indicating the number corresponding to the cell where you want to place your mark. Do not include any explanations or additional text.

Board:

- - -
- - -
- - -

Move: 2
Board:

- X -
- - -
- - -

Move: 3
Board:

- X O
- - -
- - -

Move: 5
Board:

- X O
- X -
- - -

Move: 4
Board:

- X O
O X -
- - -

Move: 
Prompt 2: You are an expert at playing tictactoe. The tictactoe board is a 3x3 grid where each cell can be empty (-), contain an X, or contain an O. To indicate a move,
* Number 1 for top-left
* Number 2 for top-middle
* Number 3 for top-right
* Number 4 for middle-left
* Number 5 for middle-middle
* Number 6 for middle-right
* Number 7 for bottom-left
* Number 8 for bottom-middle
* Number 9 for bottom-right

The game history is given below. Respond only with the next move by indicating the number corresponding to the cell where you want to place your mark. Do not include any explanations or additional text.

Board:

- - -
- - -
- - -

Move: 8
Board:

- - -
- - -
- X -

Move: 1
Board:

O - -
- - -
- X -

Move: 9
Board:

O - -
- - -
- X X

Move: 
Prompt 3: You are an expert at playing tictactoe. The tictactoe board is a 3x3 grid where each cell can be empty (-), contain an X, or contain an O. To indicate a move,
* Number 1 for top-left
* Number 2 for top-middle
* Number 3 for top-right
* Number 4 for middle-left
* Number 5 for middle-middle
* Number 6 for middle-right
* Number 7 for bottom-left
* Number 8 for bottom-middle
* Number 9 for bottom-right

The game history is given below. Respond only with the next move by indicating the number corresponding to the cell where you want to place your mark. Do not include any explanations or additional text.

Board:

- - -
- - -
- - -

Move: 4
Board:

- - -
X - -
- - -

Move: 
Prompt 4: You are an expert at playing tictactoe. The tictactoe board is a 3x3 grid where each cell can be empty (-), contain an X, or contain an O. To indicate a move,
* Number 1 for top-left
* Number 2 for top-middle
* Number 3 for top-right
* Number 4 for middle-left
* Number 5 for middle-middle
* Number 6 for middle-right
* Number 7 for bottom-left
* Number 8 for bottom-middle
* Number 9 for bottom-right

The game history is given below. Respond only with the next move by indicating the number corresponding to the cell where you want to place your mark. Do not include any explanations or additional text.

Board:

- - -
- - -
- - -

Move: 3
Board:

- - X
- - -
- - -

Move: 6
Board:

- - X
- - O
- - -

Move: 2
Board:

- X X
- - O
- - -

Move: 
Prompt 5: You are an expert at playing tictactoe. The tictactoe board is a 3x3 grid where each cell can be empty (-), contain an X, or contain an O. To indicate a move,
* Number 1 for top-left
* Number 2 for top-middle
* Number 3 for top-right
* Number 4 for middle-left
* Number 5 for middle-middle
* Number 6 for middle-right
* Number 7 for bottom-left
* Number 8 for bottom-middle
* Number 9 for bottom-right

The game history is given below. Respond only with the next move by indicating the number corresponding to the cell where you want to place your mark. Do not include any explanations or additional text.

Board:

- - -
- - -
- - -

Move: 6
Board:

- - -
- - X
- - -

Move: 9
Board:

- - -
- - X
- - O

Move: 8
Board:

- - -
- - X
- X O

Move: 
Prompt 6: You are an expert at playing tictactoe. The tictactoe board is a 3x3 grid where each cell can be empty (-), contain an X, or contain an O. To indicate a move,
* Number 1 for top-left
* Number 2 for top-middle
* Number 3 for top-right
* Number 4 for middle-left
* Number 5 for middle-middle
* Number 6 for middle-right
* Number 7 for bottom-left
* Number 8 for bottom-middle
* Number 9 for bottom-right

The game history is given below. Respond only with the next move by indicating the number corresponding to the cell where you want to place your mark. Do not include any explanations or additional text.

Board:

- - -
- - -
- - -

Move: 5
Board:

- - -
- X -
- - -

Move: 
Prompt 7: You are an expert at playing tictactoe. The tictactoe board is a 3x3 grid where each cell can be empty (-), contain an X, or contain an O. To indicate a move,
* Number 1 for top-left
* Number 2 for top-middle
* Number 3 for top-right
* Number 4 for middle-left
* Number 5 for middle-middle
* Number 6 for middle-right
* Number 7 for bottom-left
* Number 8 for bottom-middle
* Number 9 for bottom-right

The game history is given below. Respond only with the next move by indicating the number corresponding to the cell where you want to place your mark. Do not include any explanations or additional text.

Board:

- - -
- - -
- - -

Move: 4
Board:

- - -
X - -
- - -

Move: 2
Board:

- O -
X - -
- - -

Move: 1
Board:

X O -
X - -
- - -

Move: 
Prompt 8: You are an expert at playing tictactoe. The tictactoe board is a 3x3 grid where each cell can be empty (-), contain an X, or contain an O. To indicate a move,
* Number 1 for top-left
* Number 2 for top-middle
* Number 3 for top-right
* Number 4 for middle-left
* Number 5 for middle-middle
* Number 6 for middle-right
* Number 7 for bottom-left
* Number 8 for bottom-middle
* Number 9 for bottom-right

The game history is given below. Respond only with the next move by indicating the number corresponding to the cell where you want to place your mark. Do not include any explanations or additional text.

Board:

- - -
- - -
- - -

Move: 4
Board:

- - -
X - -
- - -

Move: 5
Board:

- - -
X O -
- - -

Move: 6
Board:

- - -
X O X
- - -

Move: 1
Board:

O - -
X O X
- - -

Move: 
Prompt 9: You are an expert at playing tictactoe. The tictactoe board is a 3x3 grid where each cell can be empty (-), contain an X, or contain an O. To indicate a move,
* Number 1 for top-left
* Number 2 for top-middle
* Number 3 for top-right
* Number 4 for middle-left
* Number 5 for middle-middle
* Number 6 for middle-right
* Number 7 for bottom-left
* Number 8 for bottom-middle
* Number 9 for bottom-right

The game history is given below. Respond only with the next move by indicating the number corresponding to the cell where you want to place your mark. Do not include any explanations or additional text.

Board:

- - -
- - -
- - -

Move: 5
Board:

- - -
- X -
- - -

Move: 
[2025-09-14T12:34:46.041] error: *** JOB 122834 ON xgph11 CANCELLED AT 2025-09-14T12:34:46 DUE TO TIME LIMIT ***
