`torch_dtype` is deprecated! Use `dtype` instead!
Loading checkpoint shards:   0%|          | 0/30 [00:00<?, ?it/s]Loading checkpoint shards:   3%|▎         | 1/30 [00:00<00:16,  1.74it/s]Loading checkpoint shards:   7%|▋         | 2/30 [00:01<00:16,  1.71it/s]Loading checkpoint shards:  10%|█         | 3/30 [00:01<00:16,  1.68it/s]Loading checkpoint shards:  13%|█▎        | 4/30 [00:02<00:15,  1.69it/s]Loading checkpoint shards:  17%|█▋        | 5/30 [00:02<00:14,  1.75it/s]Loading checkpoint shards:  20%|██        | 6/30 [00:03<00:13,  1.79it/s]Loading checkpoint shards:  23%|██▎       | 7/30 [00:03<00:12,  1.82it/s]Loading checkpoint shards:  27%|██▋       | 8/30 [00:04<00:12,  1.80it/s]Loading checkpoint shards:  30%|███       | 9/30 [00:05<00:11,  1.79it/s]Loading checkpoint shards:  33%|███▎      | 10/30 [00:05<00:11,  1.81it/s]Loading checkpoint shards:  37%|███▋      | 11/30 [00:06<00:10,  1.83it/s]Loading checkpoint shards:  40%|████      | 12/30 [00:06<00:09,  1.84it/s]Loading checkpoint shards:  43%|████▎     | 13/30 [00:07<00:09,  1.81it/s]Loading checkpoint shards:  47%|████▋     | 14/30 [00:07<00:08,  1.80it/s]Loading checkpoint shards:  50%|█████     | 15/30 [00:08<00:08,  1.81it/s]Loading checkpoint shards:  53%|█████▎    | 16/30 [00:08<00:07,  1.82it/s]Loading checkpoint shards:  57%|█████▋    | 17/30 [00:09<00:07,  1.82it/s]Loading checkpoint shards:  60%|██████    | 18/30 [00:09<00:06,  1.95it/s]Loading checkpoint shards: 100%|██████████| 30/30 [00:09<00:00,  3.02it/s]
Some parameters are on the meta device because they were offloaded to the cpu.
The attention mask and the pad token id were not set. As a consequence, you may observe unexpected behavior. Please pass your input's `attention_mask` to obtain reliable results.
Setting `pad_token_id` to `eos_token_id`:128001 for open-end generation.
The attention mask is not set and cannot be inferred from input because pad token is same as eos token. As a consequence, you may observe unexpected behavior. Please pass your input's `attention_mask` to obtain reliable results.
The attention mask and the pad token id were not set. As a consequence, you may observe unexpected behavior. Please pass your input's `attention_mask` to obtain reliable results.
Setting `pad_token_id` to `eos_token_id`:128001 for open-end generation.
{"name": "lcm", "parameters": {"a": "127491203981242758992", "b": "1327812793127893129283"}}
Function to call: lcm with arguments {'a': '127491203981242758992', 'b': '1327812793127893129283'}
Final response from the model:
system

Environment: ipython
Cutting Knowledge Date: December 2023
Today Date: 26 Jul 2024

You are a bot that responds to queries.user

Given the following functions, please respond with a JSON for a function call with its proper arguments that best answers the given prompt.

Respond in the format {"name": function name, "parameters": dictionary of argument name and its value}.Do not use variables.

{
    "type": "function",
    "function": {
        "name": "lcm",
        "description": "Calculate the least common multiple of two integers.",
        "parameters": {
            "type": "object",
            "properties": {
                "a": {
                    "type": "integer",
                    "description": "The first integer."
                },
                "b": {
                    "type": "integer",
                    "description": "The second integer."
                }
            },
            "required": [
                "a",
                "b"
            ]
        },
        "return": {
            "type": "integer",
            "description": "The least common multiple of the two integers."
        }
    }
}

What is LCM of 127491203981242758992 and 1327812793127893129283?assistant

{"name": "lcm", "parameters": {"a": "127491203981242758992", "b": "1327812793127893129283"}}ipython

"169284451657571916461411789138771466762736"assistant

This is the result of the LCM calculation.
